<?xml version="1.0" encoding="UTF-8"?>
<coverage generated="1682220737149" clover="3.2.0">
  <project timestamp="1682220737149" name="All files">
    <metrics statements="70" coveredstatements="70" conditionals="5" coveredconditionals="5" methods="35" coveredmethods="35" elements="110" coveredelements="110" complexity="0" loc="70" ncloc="70" packages="2" files="8" classes="8"/>
    <package name="src">
      <metrics statements="17" coveredstatements="17" conditionals="5" coveredconditionals="5" methods="6" coveredmethods="6"/>
      <file name="cpf_validation.ts" path="/home/juliana/Workspace/OnlineStore/src/cpf_validation.ts">
        <metrics statements="17" coveredstatements="17" conditionals="5" coveredconditionals="5" methods="6" coveredmethods="6"/>
        <line num="3" count="9" type="stmt"/>
        <line num="7" count="41" type="stmt"/>
        <line num="11" count="9" type="stmt"/>
        <line num="15" count="8" type="stmt"/>
        <line num="16" count="8" type="stmt"/>
        <line num="17" count="88" type="cond" truecount="1" falsecount="0"/>
        <line num="20" count="8" type="stmt"/>
        <line num="21" count="8" type="cond" truecount="2" falsecount="0"/>
        <line num="24" count="1" type="stmt"/>
        <line num="25" count="9" type="stmt"/>
        <line num="26" count="9" type="cond" truecount="1" falsecount="0"/>
        <line num="27" count="7" type="cond" truecount="1" falsecount="0"/>
        <line num="28" count="4" type="stmt"/>
        <line num="29" count="4" type="stmt"/>
        <line num="30" count="4" type="stmt"/>
        <line num="31" count="4" type="stmt"/>
        <line num="32" count="4" type="stmt"/>
      </file>
    </package>
    <package name="src.entities">
      <metrics statements="53" coveredstatements="53" conditionals="0" coveredconditionals="0" methods="29" coveredmethods="29"/>
      <file name="client.ts" path="/home/juliana/Workspace/OnlineStore/src/entities/client.ts">
        <metrics statements="9" coveredstatements="9" conditionals="0" coveredconditionals="0" methods="5" coveredmethods="5"/>
        <line num="3" count="3" type="stmt"/>
        <line num="11" count="5" type="stmt"/>
        <line num="12" count="5" type="stmt"/>
        <line num="13" count="5" type="stmt"/>
        <line num="19" count="5" type="stmt"/>
        <line num="23" count="1" type="stmt"/>
        <line num="27" count="3" type="stmt"/>
        <line num="31" count="1" type="stmt"/>
        <line num="35" count="3" type="stmt"/>
      </file>
      <file name="coupon.ts" path="/home/juliana/Workspace/OnlineStore/src/entities/coupon.ts">
        <metrics statements="9" coveredstatements="9" conditionals="0" coveredconditionals="0" methods="5" coveredmethods="5"/>
        <line num="1" count="2" type="stmt"/>
        <line num="8" count="3" type="stmt"/>
        <line num="9" count="3" type="stmt"/>
        <line num="10" count="3" type="stmt"/>
        <line num="11" count="3" type="stmt"/>
        <line num="15" count="1" type="stmt"/>
        <line num="19" count="1" type="stmt"/>
        <line num="23" count="3" type="stmt"/>
        <line num="27" count="1" type="stmt"/>
      </file>
      <file name="order.ts" path="/home/juliana/Workspace/OnlineStore/src/entities/order.ts">
        <metrics statements="11" coveredstatements="11" conditionals="0" coveredconditionals="0" methods="6" coveredmethods="6"/>
        <line num="4" count="2" type="stmt"/>
        <line num="11" count="4" type="stmt"/>
        <line num="12" count="4" type="stmt"/>
        <line num="13" count="4" type="stmt"/>
        <line num="17" count="2" type="stmt"/>
        <line num="21" count="2" type="stmt"/>
        <line num="25" count="2" type="stmt"/>
        <line num="29" count="7" type="stmt"/>
        <line num="30" count="7" type="stmt"/>
        <line num="31" count="15" type="stmt"/>
        <line num="33" count="7" type="stmt"/>
      </file>
      <file name="order_detail.ts" path="/home/juliana/Workspace/OnlineStore/src/entities/order_detail.ts">
        <metrics statements="6" coveredstatements="6" conditionals="0" coveredconditionals="0" methods="4" coveredmethods="4"/>
        <line num="3" count="3" type="stmt"/>
        <line num="8" count="9" type="stmt"/>
        <line num="9" count="9" type="stmt"/>
        <line num="13" count="1" type="stmt"/>
        <line num="17" count="1" type="stmt"/>
        <line num="21" count="16" type="stmt"/>
      </file>
      <file name="payment.ts" path="/home/juliana/Workspace/OnlineStore/src/entities/payment.ts">
        <metrics statements="7" coveredstatements="7" conditionals="0" coveredconditionals="0" methods="2" coveredmethods="2"/>
        <line num="4" count="1" type="stmt"/>
        <line num="10" count="2" type="stmt"/>
        <line num="11" count="2" type="stmt"/>
        <line num="12" count="2" type="stmt"/>
        <line num="16" count="2" type="stmt"/>
        <line num="17" count="2" type="stmt"/>
        <line num="18" count="2" type="stmt"/>
      </file>
      <file name="product.ts" path="/home/juliana/Workspace/OnlineStore/src/entities/product.ts">
        <metrics statements="9" coveredstatements="9" conditionals="0" coveredconditionals="0" methods="5" coveredmethods="5"/>
        <line num="1" count="4" type="stmt"/>
        <line num="8" count="10" type="stmt"/>
        <line num="9" count="10" type="stmt"/>
        <line num="10" count="10" type="stmt"/>
        <line num="11" count="10" type="stmt"/>
        <line num="15" count="1" type="stmt"/>
        <line num="19" count="2" type="stmt"/>
        <line num="23" count="1" type="stmt"/>
        <line num="27" count="18" type="stmt"/>
      </file>
      <file name="shipment.ts" path="/home/juliana/Workspace/OnlineStore/src/entities/shipment.ts">
        <metrics statements="2" coveredstatements="2" conditionals="0" coveredconditionals="0" methods="2" coveredmethods="2"/>
        <line num="1" count="1" type="stmt"/>
        <line num="5" count="1" type="stmt"/>
      </file>
    </package>
  </project>
</coverage>
