{"/home/juliana/Workspace/OnlineStore/dist/src/cpf_validation.js": {"path":"/home/juliana/Workspace/OnlineStore/dist/src/cpf_validation.js","statementMap":{"0":{"start":{"line":2,"column":0},"end":{"line":2,"column":62}},"1":{"start":{"line":3,"column":0},"end":{"line":3,"column":26}},"2":{"start":{"line":5,"column":4},"end":{"line":5,"column":29}},"3":{"start":{"line":8,"column":4},"end":{"line":8,"column":50}},"4":{"start":{"line":8,"column":36},"end":{"line":8,"column":48}},"5":{"start":{"line":11,"column":4},"end":{"line":11,"column":34}},"6":{"start":{"line":14,"column":16},"end":{"line":14,"column":17}},"7":{"start":{"line":15,"column":4},"end":{"line":18,"column":5}},"8":{"start":{"line":16,"column":8},"end":{"line":17,"column":48}},"9":{"start":{"line":17,"column":12},"end":{"line":17,"column":48}},"10":{"start":{"line":19,"column":17},"end":{"line":19,"column":27}},"11":{"start":{"line":20,"column":4},"end":{"line":20,"column":38}},"12":{"start":{"line":23,"column":4},"end":{"line":23,"column":31}},"13":{"start":{"line":24,"column":4},"end":{"line":25,"column":21}},"14":{"start":{"line":25,"column":8},"end":{"line":25,"column":21}},"15":{"start":{"line":26,"column":4},"end":{"line":27,"column":21}},"16":{"start":{"line":27,"column":8},"end":{"line":27,"column":21}},"17":{"start":{"line":28,"column":16},"end":{"line":28,"column":39}},"18":{"start":{"line":29,"column":16},"end":{"line":29,"column":39}},"19":{"start":{"line":30,"column":30},"end":{"line":30,"column":42}},"20":{"start":{"line":31,"column":26},"end":{"line":31,"column":40}},"21":{"start":{"line":32,"column":4},"end":{"line":32,"column":48}},"22":{"start":{"line":34,"column":0},"end":{"line":34,"column":28}}},"fnMap":{"0":{"name":"isValidLength","decl":{"start":{"line":4,"column":9},"end":{"line":4,"column":22}},"loc":{"start":{"line":4,"column":28},"end":{"line":6,"column":1}},"line":4},"1":{"name":"allDigitsTheSame","decl":{"start":{"line":7,"column":9},"end":{"line":7,"column":25}},"loc":{"start":{"line":7,"column":31},"end":{"line":9,"column":1}},"line":7},"2":{"name":"(anonymous_2)","decl":{"start":{"line":8,"column":31},"end":{"line":8,"column":32}},"loc":{"start":{"line":8,"column":36},"end":{"line":8,"column":48}},"line":8},"3":{"name":"removeNonDigits","decl":{"start":{"line":10,"column":9},"end":{"line":10,"column":24}},"loc":{"start":{"line":10,"column":30},"end":{"line":12,"column":1}},"line":10},"4":{"name":"calculateDigit","decl":{"start":{"line":13,"column":9},"end":{"line":13,"column":23}},"loc":{"start":{"line":13,"column":37},"end":{"line":21,"column":1}},"line":13},"5":{"name":"validate","decl":{"start":{"line":22,"column":9},"end":{"line":22,"column":17}},"loc":{"start":{"line":22,"column":23},"end":{"line":33,"column":1}},"line":22}},"branchMap":{"0":{"loc":{"start":{"line":16,"column":8},"end":{"line":17,"column":48}},"type":"if","locations":[{"start":{"line":16,"column":8},"end":{"line":17,"column":48}},{"start":{},"end":{}}],"line":16},"1":{"loc":{"start":{"line":20,"column":11},"end":{"line":20,"column":37}},"type":"cond-expr","locations":[{"start":{"line":20,"column":24},"end":{"line":20,"column":25}},{"start":{"line":20,"column":28},"end":{"line":20,"column":37}}],"line":20},"2":{"loc":{"start":{"line":24,"column":4},"end":{"line":25,"column":21}},"type":"if","locations":[{"start":{"line":24,"column":4},"end":{"line":25,"column":21}},{"start":{},"end":{}}],"line":24},"3":{"loc":{"start":{"line":26,"column":4},"end":{"line":27,"column":21}},"type":"if","locations":[{"start":{"line":26,"column":4},"end":{"line":27,"column":21}},{"start":{},"end":{}}],"line":26}},"s":{"0":1,"1":1,"2":9,"3":7,"4":41,"5":9,"6":8,"7":8,"8":88,"9":76,"10":8,"11":8,"12":9,"13":9,"14":2,"15":7,"16":3,"17":4,"18":4,"19":4,"20":4,"21":4,"22":1},"f":{"0":9,"1":7,"2":41,"3":9,"4":8,"5":9},"b":{"0":[76,12],"1":[4,4],"2":[2,7],"3":[3,4]},"inputSourceMap":null,"_coverageSchema":"1a1c01bbd47fc00a2c39e90264f33305004495a9","hash":"e784d236519adcefeaae1865ed043c4d9ff670a1"}
,"/home/juliana/Workspace/OnlineStore/dist/src/entities/client.js": {"path":"/home/juliana/Workspace/OnlineStore/dist/src/entities/client.js","statementMap":{"0":{"start":{"line":2,"column":0},"end":{"line":2,"column":62}},"1":{"start":{"line":5,"column":8},"end":{"line":5,"column":25}},"2":{"start":{"line":6,"column":8},"end":{"line":6,"column":27}},"3":{"start":{"line":7,"column":8},"end":{"line":7,"column":31}},"4":{"start":{"line":11,"column":8},"end":{"line":11,"column":23}},"5":{"start":{"line":14,"column":8},"end":{"line":14,"column":25}},"6":{"start":{"line":17,"column":8},"end":{"line":17,"column":24}},"7":{"start":{"line":20,"column":8},"end":{"line":20,"column":26}},"8":{"start":{"line":23,"column":8},"end":{"line":23,"column":28}},"9":{"start":{"line":26,"column":0},"end":{"line":26,"column":25}}},"fnMap":{"0":{"name":"(anonymous_0)","decl":{"start":{"line":4,"column":4},"end":{"line":4,"column":5}},"loc":{"start":{"line":4,"column":43},"end":{"line":12,"column":5}},"line":4},"1":{"name":"(anonymous_1)","decl":{"start":{"line":13,"column":4},"end":{"line":13,"column":5}},"loc":{"start":{"line":13,"column":14},"end":{"line":15,"column":5}},"line":13},"2":{"name":"(anonymous_2)","decl":{"start":{"line":16,"column":4},"end":{"line":16,"column":5}},"loc":{"start":{"line":16,"column":13},"end":{"line":18,"column":5}},"line":16},"3":{"name":"(anonymous_3)","decl":{"start":{"line":19,"column":4},"end":{"line":19,"column":5}},"loc":{"start":{"line":19,"column":15},"end":{"line":21,"column":5}},"line":19},"4":{"name":"(anonymous_4)","decl":{"start":{"line":22,"column":4},"end":{"line":22,"column":5}},"loc":{"start":{"line":22,"column":17},"end":{"line":24,"column":5}},"line":22}},"branchMap":{},"s":{"0":3,"1":5,"2":5,"3":5,"4":5,"5":1,"6":3,"7":1,"8":3,"9":3},"f":{"0":5,"1":1,"2":3,"3":1,"4":3},"b":{},"inputSourceMap":null,"_coverageSchema":"1a1c01bbd47fc00a2c39e90264f33305004495a9","hash":"6818543f7a469aeefba2cb0b276287d87f3ba5c9"}
,"/home/juliana/Workspace/OnlineStore/dist/src/entities/coupon.js": {"path":"/home/juliana/Workspace/OnlineStore/dist/src/entities/coupon.js","statementMap":{"0":{"start":{"line":2,"column":0},"end":{"line":2,"column":62}},"1":{"start":{"line":5,"column":8},"end":{"line":5,"column":25}},"2":{"start":{"line":6,"column":8},"end":{"line":6,"column":31}},"3":{"start":{"line":7,"column":8},"end":{"line":7,"column":31}},"4":{"start":{"line":8,"column":8},"end":{"line":8,"column":33}},"5":{"start":{"line":11,"column":8},"end":{"line":11,"column":25}},"6":{"start":{"line":14,"column":8},"end":{"line":14,"column":28}},"7":{"start":{"line":17,"column":8},"end":{"line":17,"column":28}},"8":{"start":{"line":20,"column":8},"end":{"line":20,"column":29}},"9":{"start":{"line":23,"column":0},"end":{"line":23,"column":25}}},"fnMap":{"0":{"name":"(anonymous_0)","decl":{"start":{"line":4,"column":4},"end":{"line":4,"column":5}},"loc":{"start":{"line":4,"column":50},"end":{"line":9,"column":5}},"line":4},"1":{"name":"(anonymous_1)","decl":{"start":{"line":10,"column":4},"end":{"line":10,"column":5}},"loc":{"start":{"line":10,"column":14},"end":{"line":12,"column":5}},"line":10},"2":{"name":"(anonymous_2)","decl":{"start":{"line":13,"column":4},"end":{"line":13,"column":5}},"loc":{"start":{"line":13,"column":17},"end":{"line":15,"column":5}},"line":13},"3":{"name":"(anonymous_3)","decl":{"start":{"line":16,"column":4},"end":{"line":16,"column":5}},"loc":{"start":{"line":16,"column":17},"end":{"line":18,"column":5}},"line":16},"4":{"name":"(anonymous_4)","decl":{"start":{"line":19,"column":4},"end":{"line":19,"column":5}},"loc":{"start":{"line":19,"column":18},"end":{"line":21,"column":5}},"line":19}},"branchMap":{},"s":{"0":2,"1":3,"2":3,"3":3,"4":3,"5":1,"6":1,"7":3,"8":1,"9":2},"f":{"0":3,"1":1,"2":1,"3":3,"4":1},"b":{},"inputSourceMap":null,"_coverageSchema":"1a1c01bbd47fc00a2c39e90264f33305004495a9","hash":"eaa5bdfb7b299351c08fcf46e57eb7301f94486b"}
,"/home/juliana/Workspace/OnlineStore/dist/src/entities/order.js": {"path":"/home/juliana/Workspace/OnlineStore/dist/src/entities/order.js","statementMap":{"0":{"start":{"line":2,"column":0},"end":{"line":2,"column":62}},"1":{"start":{"line":5,"column":8},"end":{"line":5,"column":21}},"2":{"start":{"line":6,"column":8},"end":{"line":6,"column":29}},"3":{"start":{"line":7,"column":8},"end":{"line":7,"column":39}},"4":{"start":{"line":10,"column":8},"end":{"line":10,"column":23}},"5":{"start":{"line":13,"column":8},"end":{"line":13,"column":36}},"6":{"start":{"line":16,"column":8},"end":{"line":16,"column":40}},"7":{"start":{"line":19,"column":20},"end":{"line":19,"column":21}},"8":{"start":{"line":20,"column":8},"end":{"line":22,"column":11}},"9":{"start":{"line":21,"column":12},"end":{"line":21,"column":52}},"10":{"start":{"line":23,"column":8},"end":{"line":23,"column":21}},"11":{"start":{"line":26,"column":0},"end":{"line":26,"column":24}}},"fnMap":{"0":{"name":"(anonymous_0)","decl":{"start":{"line":4,"column":4},"end":{"line":4,"column":5}},"loc":{"start":{"line":4,"column":41},"end":{"line":8,"column":5}},"line":4},"1":{"name":"(anonymous_1)","decl":{"start":{"line":9,"column":4},"end":{"line":9,"column":5}},"loc":{"start":{"line":9,"column":12},"end":{"line":11,"column":5}},"line":9},"2":{"name":"(anonymous_2)","decl":{"start":{"line":12,"column":4},"end":{"line":12,"column":5}},"loc":{"start":{"line":12,"column":19},"end":{"line":14,"column":5}},"line":12},"3":{"name":"(anonymous_3)","decl":{"start":{"line":15,"column":4},"end":{"line":15,"column":5}},"loc":{"start":{"line":15,"column":23},"end":{"line":17,"column":5}},"line":15},"4":{"name":"(anonymous_4)","decl":{"start":{"line":18,"column":4},"end":{"line":18,"column":5}},"loc":{"start":{"line":18,"column":16},"end":{"line":24,"column":5}},"line":18},"5":{"name":"(anonymous_5)","decl":{"start":{"line":20,"column":33},"end":{"line":20,"column":34}},"loc":{"start":{"line":20,"column":48},"end":{"line":22,"column":9}},"line":20}},"branchMap":{},"s":{"0":2,"1":4,"2":4,"3":4,"4":2,"5":2,"6":2,"7":7,"8":7,"9":15,"10":7,"11":2},"f":{"0":4,"1":2,"2":2,"3":2,"4":7,"5":15},"b":{},"inputSourceMap":null,"_coverageSchema":"1a1c01bbd47fc00a2c39e90264f33305004495a9","hash":"035bfadcc61f7da1e1978305b985cec340578240"}
,"/home/juliana/Workspace/OnlineStore/dist/src/entities/order_detail.js": {"path":"/home/juliana/Workspace/OnlineStore/dist/src/entities/order_detail.js","statementMap":{"0":{"start":{"line":2,"column":0},"end":{"line":2,"column":62}},"1":{"start":{"line":5,"column":8},"end":{"line":5,"column":31}},"2":{"start":{"line":6,"column":8},"end":{"line":6,"column":33}},"3":{"start":{"line":9,"column":8},"end":{"line":9,"column":36}},"4":{"start":{"line":12,"column":8},"end":{"line":12,"column":38}},"5":{"start":{"line":15,"column":8},"end":{"line":15,"column":39}},"6":{"start":{"line":18,"column":8},"end":{"line":18,"column":55}},"7":{"start":{"line":21,"column":0},"end":{"line":21,"column":30}}},"fnMap":{"0":{"name":"(anonymous_0)","decl":{"start":{"line":4,"column":4},"end":{"line":4,"column":5}},"loc":{"start":{"line":4,"column":35},"end":{"line":7,"column":5}},"line":4},"1":{"name":"(anonymous_1)","decl":{"start":{"line":8,"column":4},"end":{"line":8,"column":5}},"loc":{"start":{"line":8,"column":19},"end":{"line":10,"column":5}},"line":8},"2":{"name":"(anonymous_2)","decl":{"start":{"line":11,"column":4},"end":{"line":11,"column":5}},"loc":{"start":{"line":11,"column":21},"end":{"line":13,"column":5}},"line":11},"3":{"name":"(anonymous_3)","decl":{"start":{"line":14,"column":4},"end":{"line":14,"column":5}},"loc":{"start":{"line":14,"column":26},"end":{"line":16,"column":5}},"line":14},"4":{"name":"(anonymous_4)","decl":{"start":{"line":17,"column":4},"end":{"line":17,"column":5}},"loc":{"start":{"line":17,"column":23},"end":{"line":19,"column":5}},"line":17}},"branchMap":{},"s":{"0":4,"1":28,"2":28,"3":0,"4":1,"5":1,"6":16,"7":4},"f":{"0":28,"1":0,"2":1,"3":1,"4":16},"b":{},"inputSourceMap":null,"_coverageSchema":"1a1c01bbd47fc00a2c39e90264f33305004495a9","hash":"162226d3eabb50c884c3fa7d44c94885e84ef44a"}
,"/home/juliana/Workspace/OnlineStore/dist/src/entities/payment.js": {"path":"/home/juliana/Workspace/OnlineStore/dist/src/entities/payment.js","statementMap":{"0":{"start":{"line":2,"column":0},"end":{"line":2,"column":62}},"1":{"start":{"line":5,"column":8},"end":{"line":5,"column":39}},"2":{"start":{"line":6,"column":8},"end":{"line":6,"column":27}},"3":{"start":{"line":7,"column":8},"end":{"line":7,"column":29}},"4":{"start":{"line":10,"column":22},"end":{"line":10,"column":52}},"5":{"start":{"line":11,"column":20},"end":{"line":11,"column":79}},"6":{"start":{"line":12,"column":8},"end":{"line":12,"column":21}},"7":{"start":{"line":15,"column":0},"end":{"line":15,"column":26}}},"fnMap":{"0":{"name":"(anonymous_0)","decl":{"start":{"line":4,"column":4},"end":{"line":4,"column":5}},"loc":{"start":{"line":4,"column":44},"end":{"line":8,"column":5}},"line":4},"1":{"name":"(anonymous_1)","decl":{"start":{"line":9,"column":4},"end":{"line":9,"column":5}},"loc":{"start":{"line":9,"column":10},"end":{"line":13,"column":5}},"line":9}},"branchMap":{},"s":{"0":1,"1":2,"2":2,"3":2,"4":2,"5":2,"6":2,"7":1},"f":{"0":2,"1":2},"b":{},"inputSourceMap":null,"_coverageSchema":"1a1c01bbd47fc00a2c39e90264f33305004495a9","hash":"251fc503121ef5643593712914be70f14bb52ef2"}
,"/home/juliana/Workspace/OnlineStore/dist/src/entities/product.js": {"path":"/home/juliana/Workspace/OnlineStore/dist/src/entities/product.js","statementMap":{"0":{"start":{"line":2,"column":0},"end":{"line":2,"column":62}},"1":{"start":{"line":5,"column":8},"end":{"line":5,"column":21}},"2":{"start":{"line":6,"column":8},"end":{"line":6,"column":25}},"3":{"start":{"line":7,"column":8},"end":{"line":7,"column":39}},"4":{"start":{"line":8,"column":8},"end":{"line":8,"column":27}},"5":{"start":{"line":9,"column":8},"end":{"line":9,"column":27}},"6":{"start":{"line":10,"column":8},"end":{"line":10,"column":29}},"7":{"start":{"line":11,"column":8},"end":{"line":11,"column":29}},"8":{"start":{"line":12,"column":8},"end":{"line":12,"column":29}},"9":{"start":{"line":15,"column":8},"end":{"line":15,"column":23}},"10":{"start":{"line":18,"column":8},"end":{"line":18,"column":25}},"11":{"start":{"line":21,"column":8},"end":{"line":21,"column":32}},"12":{"start":{"line":24,"column":8},"end":{"line":24,"column":26}},"13":{"start":{"line":27,"column":8},"end":{"line":27,"column":57}},"14":{"start":{"line":30,"column":8},"end":{"line":30,"column":59}},"15":{"start":{"line":33,"column":8},"end":{"line":33,"column":59}},"16":{"start":{"line":36,"column":8},"end":{"line":36,"column":59}},"17":{"start":{"line":39,"column":0},"end":{"line":39,"column":26}}},"fnMap":{"0":{"name":"(anonymous_0)","decl":{"start":{"line":4,"column":4},"end":{"line":4,"column":5}},"loc":{"start":{"line":4,"column":77},"end":{"line":13,"column":5}},"line":4},"1":{"name":"(anonymous_1)","decl":{"start":{"line":14,"column":4},"end":{"line":14,"column":5}},"loc":{"start":{"line":14,"column":12},"end":{"line":16,"column":5}},"line":14},"2":{"name":"(anonymous_2)","decl":{"start":{"line":17,"column":4},"end":{"line":17,"column":5}},"loc":{"start":{"line":17,"column":14},"end":{"line":19,"column":5}},"line":17},"3":{"name":"(anonymous_3)","decl":{"start":{"line":20,"column":4},"end":{"line":20,"column":5}},"loc":{"start":{"line":20,"column":21},"end":{"line":22,"column":5}},"line":20},"4":{"name":"(anonymous_4)","decl":{"start":{"line":23,"column":4},"end":{"line":23,"column":5}},"loc":{"start":{"line":23,"column":15},"end":{"line":25,"column":5}},"line":23},"5":{"name":"(anonymous_5)","decl":{"start":{"line":26,"column":4},"end":{"line":26,"column":5}},"loc":{"start":{"line":26,"column":15},"end":{"line":28,"column":5}},"line":26},"6":{"name":"(anonymous_6)","decl":{"start":{"line":29,"column":4},"end":{"line":29,"column":5}},"loc":{"start":{"line":29,"column":16},"end":{"line":31,"column":5}},"line":29},"7":{"name":"(anonymous_7)","decl":{"start":{"line":32,"column":4},"end":{"line":32,"column":5}},"loc":{"start":{"line":32,"column":16},"end":{"line":34,"column":5}},"line":32},"8":{"name":"(anonymous_8)","decl":{"start":{"line":35,"column":4},"end":{"line":35,"column":5}},"loc":{"start":{"line":35,"column":16},"end":{"line":37,"column":5}},"line":35}},"branchMap":{"0":{"loc":{"start":{"line":27,"column":15},"end":{"line":27,"column":56}},"type":"cond-expr","locations":[{"start":{"line":27,"column":42},"end":{"line":27,"column":43}},{"start":{"line":27,"column":46},"end":{"line":27,"column":56}}],"line":27},"1":{"loc":{"start":{"line":30,"column":15},"end":{"line":30,"column":58}},"type":"cond-expr","locations":[{"start":{"line":30,"column":43},"end":{"line":30,"column":44}},{"start":{"line":30,"column":47},"end":{"line":30,"column":58}}],"line":30},"2":{"loc":{"start":{"line":33,"column":15},"end":{"line":33,"column":58}},"type":"cond-expr","locations":[{"start":{"line":33,"column":43},"end":{"line":33,"column":44}},{"start":{"line":33,"column":47},"end":{"line":33,"column":58}}],"line":33},"3":{"loc":{"start":{"line":36,"column":15},"end":{"line":36,"column":58}},"type":"cond-expr","locations":[{"start":{"line":36,"column":43},"end":{"line":36,"column":44}},{"start":{"line":36,"column":47},"end":{"line":36,"column":58}}],"line":36}},"s":{"0":5,"1":29,"2":29,"3":29,"4":29,"5":29,"6":29,"7":29,"8":29,"9":1,"10":2,"11":1,"12":18,"13":0,"14":0,"15":0,"16":0,"17":5},"f":{"0":29,"1":1,"2":2,"3":1,"4":18,"5":0,"6":0,"7":0,"8":0},"b":{"0":[0,0],"1":[0,0],"2":[0,0],"3":[0,0]},"inputSourceMap":null,"_coverageSchema":"1a1c01bbd47fc00a2c39e90264f33305004495a9","hash":"b83350ebcaa7cf87ee73b55191d0b3ba22255a00"}
,"/home/juliana/Workspace/OnlineStore/dist/src/entities/shipment.js": {"path":"/home/juliana/Workspace/OnlineStore/dist/src/entities/shipment.js","statementMap":{"0":{"start":{"line":2,"column":0},"end":{"line":2,"column":62}},"1":{"start":{"line":6,"column":8},"end":{"line":6,"column":18}},"2":{"start":{"line":9,"column":0},"end":{"line":9,"column":27}}},"fnMap":{"0":{"name":"(anonymous_0)","decl":{"start":{"line":4,"column":4},"end":{"line":4,"column":5}},"loc":{"start":{"line":4,"column":18},"end":{"line":4,"column":21}},"line":4},"1":{"name":"(anonymous_1)","decl":{"start":{"line":5,"column":4},"end":{"line":5,"column":5}},"loc":{"start":{"line":5,"column":16},"end":{"line":7,"column":5}},"line":5}},"branchMap":{},"s":{"0":1,"1":1,"2":1},"f":{"0":1,"1":1},"b":{},"inputSourceMap":null,"_coverageSchema":"1a1c01bbd47fc00a2c39e90264f33305004495a9","hash":"717cbb5d6dbb78bb74bd25a5292171e0d2092304"}
,"/home/juliana/Workspace/OnlineStore/src/cpf_validation.ts": {"path":"/home/juliana/Workspace/OnlineStore/src/cpf_validation.ts","statementMap":{"0":{"start":{"line":3,"column":4},"end":{"line":3,"column":29}},"1":{"start":{"line":7,"column":4},"end":{"line":7,"column":50}},"2":{"start":{"line":7,"column":36},"end":{"line":7,"column":48}},"3":{"start":{"line":11,"column":4},"end":{"line":11,"column":34}},"4":{"start":{"line":15,"column":16},"end":{"line":15,"column":17}},"5":{"start":{"line":16,"column":4},"end":{"line":19,"column":null}},"6":{"start":{"line":17,"column":8},"end":{"line":17,"column":60}},"7":{"start":{"line":17,"column":24},"end":{"line":17,"column":60}},"8":{"start":{"line":20,"column":17},"end":{"line":20,"column":25}},"9":{"start":{"line":21,"column":4},"end":{"line":21,"column":38}},"10":{"start":{"line":25,"column":4},"end":{"line":25,"column":31}},"11":{"start":{"line":26,"column":4},"end":{"line":26,"column":41}},"12":{"start":{"line":26,"column":28},"end":{"line":26,"column":41}},"13":{"start":{"line":27,"column":4},"end":{"line":27,"column":44}},"14":{"start":{"line":27,"column":31},"end":{"line":27,"column":44}},"15":{"start":{"line":28,"column":16},"end":{"line":28,"column":39}},"16":{"start":{"line":29,"column":16},"end":{"line":29,"column":39}},"17":{"start":{"line":30,"column":30},"end":{"line":30,"column":42}},"18":{"start":{"line":31,"column":26},"end":{"line":31,"column":40}},"19":{"start":{"line":32,"column":4},"end":{"line":32,"column":48}},"20":{"start":{"line":24,"column":0},"end":{"line":24,"column":16}}},"fnMap":{"0":{"name":"isValidLength","decl":{"start":{"line":2,"column":9},"end":{"line":2,"column":22}},"loc":{"start":{"line":2,"column":35},"end":{"line":4,"column":1}}},"1":{"name":"allDigitsTheSame","decl":{"start":{"line":6,"column":9},"end":{"line":6,"column":25}},"loc":{"start":{"line":6,"column":38},"end":{"line":8,"column":1}}},"2":{"name":"(anonymous_2)","decl":{"start":{"line":7,"column":31},"end":{"line":7,"column":32}},"loc":{"start":{"line":7,"column":36},"end":{"line":7,"column":48}}},"3":{"name":"removeNonDigits","decl":{"start":{"line":10,"column":9},"end":{"line":10,"column":24}},"loc":{"start":{"line":10,"column":37},"end":{"line":12,"column":1}}},"4":{"name":"calculateDigit","decl":{"start":{"line":14,"column":9},"end":{"line":14,"column":23}},"loc":{"start":{"line":14,"column":52},"end":{"line":22,"column":1}}},"5":{"name":"validate","decl":{"start":{"line":24,"column":16},"end":{"line":24,"column":24}},"loc":{"start":{"line":24,"column":37},"end":{"line":33,"column":1}}}},"branchMap":{"0":{"loc":{"start":{"line":17,"column":8},"end":{"line":17,"column":60}},"type":"if","locations":[{"start":{"line":17,"column":8},"end":{"line":17,"column":60}}]},"1":{"loc":{"start":{"line":21,"column":11},"end":{"line":21,"column":37}},"type":"cond-expr","locations":[{"start":{"line":21,"column":24},"end":{"line":21,"column":25}},{"start":{"line":21,"column":28},"end":{"line":21,"column":37}}]},"2":{"loc":{"start":{"line":26,"column":4},"end":{"line":26,"column":41}},"type":"if","locations":[{"start":{"line":26,"column":4},"end":{"line":26,"column":41}}]},"3":{"loc":{"start":{"line":27,"column":4},"end":{"line":27,"column":44}},"type":"if","locations":[{"start":{"line":27,"column":4},"end":{"line":27,"column":44}}]}},"s":{"0":9,"1":7,"2":41,"3":9,"4":8,"5":8,"6":88,"7":76,"8":8,"9":8,"10":9,"11":9,"12":2,"13":7,"14":3,"15":4,"16":4,"17":4,"18":4,"19":4,"20":1},"f":{"0":9,"1":7,"2":41,"3":9,"4":8,"5":9},"b":{"0":[76],"1":[4,4],"2":[2],"3":[3]}}
,"/home/juliana/Workspace/OnlineStore/src/entities/client.ts": {"path":"/home/juliana/Workspace/OnlineStore/src/entities/client.ts","statementMap":{"0":{"start":{"line":11,"column":8},"end":{"line":11,"column":25}},"1":{"start":{"line":12,"column":8},"end":{"line":12,"column":27}},"2":{"start":{"line":13,"column":8},"end":{"line":13,"column":31}},"3":{"start":{"line":19,"column":8},"end":{"line":19,"column":23}},"4":{"start":{"line":23,"column":8},"end":{"line":23,"column":25}},"5":{"start":{"line":27,"column":8},"end":{"line":27,"column":24}},"6":{"start":{"line":31,"column":8},"end":{"line":31,"column":26}},"7":{"start":{"line":35,"column":8},"end":{"line":35,"column":28}},"8":{"start":{"line":3,"column":0},"end":{"line":3,"column":21}}},"fnMap":{"0":{"name":"(anonymous_0)","decl":{"start":{"line":9,"column":4},"end":{"line":9,"column":16}},"loc":{"start":{"line":9,"column":73},"end":{"line":20,"column":5}}},"1":{"name":"(anonymous_1)","decl":{"start":{"line":22,"column":4},"end":{"line":22,"column":11}},"loc":{"start":{"line":22,"column":11},"end":{"line":24,"column":5}}},"2":{"name":"(anonymous_2)","decl":{"start":{"line":26,"column":4},"end":{"line":26,"column":10}},"loc":{"start":{"line":26,"column":10},"end":{"line":28,"column":5}}},"3":{"name":"(anonymous_3)","decl":{"start":{"line":30,"column":4},"end":{"line":30,"column":12}},"loc":{"start":{"line":30,"column":12},"end":{"line":32,"column":5}}},"4":{"name":"(anonymous_4)","decl":{"start":{"line":34,"column":4},"end":{"line":34,"column":14}},"loc":{"start":{"line":34,"column":14},"end":{"line":36,"column":5}}}},"branchMap":{},"s":{"0":5,"1":5,"2":5,"3":5,"4":1,"5":3,"6":1,"7":3,"8":3},"f":{"0":5,"1":1,"2":3,"3":1,"4":3},"b":{}}
,"/home/juliana/Workspace/OnlineStore/src/entities/coupon.ts": {"path":"/home/juliana/Workspace/OnlineStore/src/entities/coupon.ts","statementMap":{"0":{"start":{"line":8,"column":8},"end":{"line":8,"column":25}},"1":{"start":{"line":9,"column":8},"end":{"line":9,"column":31}},"2":{"start":{"line":10,"column":8},"end":{"line":10,"column":31}},"3":{"start":{"line":11,"column":8},"end":{"line":11,"column":33}},"4":{"start":{"line":15,"column":8},"end":{"line":15,"column":25}},"5":{"start":{"line":19,"column":8},"end":{"line":19,"column":28}},"6":{"start":{"line":23,"column":8},"end":{"line":23,"column":28}},"7":{"start":{"line":27,"column":8},"end":{"line":27,"column":29}},"8":{"start":{"line":1,"column":0},"end":{"line":1,"column":21}}},"fnMap":{"0":{"name":"(anonymous_0)","decl":{"start":{"line":7,"column":4},"end":{"line":7,"column":16}},"loc":{"start":{"line":7,"column":78},"end":{"line":12,"column":5}}},"1":{"name":"(anonymous_1)","decl":{"start":{"line":14,"column":4},"end":{"line":14,"column":11}},"loc":{"start":{"line":14,"column":11},"end":{"line":16,"column":5}}},"2":{"name":"(anonymous_2)","decl":{"start":{"line":18,"column":4},"end":{"line":18,"column":14}},"loc":{"start":{"line":18,"column":14},"end":{"line":20,"column":5}}},"3":{"name":"(anonymous_3)","decl":{"start":{"line":22,"column":4},"end":{"line":22,"column":14}},"loc":{"start":{"line":22,"column":14},"end":{"line":24,"column":5}}},"4":{"name":"(anonymous_4)","decl":{"start":{"line":26,"column":4},"end":{"line":26,"column":15}},"loc":{"start":{"line":26,"column":15},"end":{"line":28,"column":5}}}},"branchMap":{},"s":{"0":3,"1":3,"2":3,"3":3,"4":1,"5":1,"6":3,"7":1,"8":2},"f":{"0":3,"1":1,"2":1,"3":3,"4":1},"b":{}}
,"/home/juliana/Workspace/OnlineStore/src/entities/order.ts": {"path":"/home/juliana/Workspace/OnlineStore/src/entities/order.ts","statementMap":{"0":{"start":{"line":11,"column":8},"end":{"line":11,"column":21}},"1":{"start":{"line":12,"column":8},"end":{"line":12,"column":29}},"2":{"start":{"line":13,"column":8},"end":{"line":13,"column":39}},"3":{"start":{"line":17,"column":8},"end":{"line":17,"column":23}},"4":{"start":{"line":21,"column":8},"end":{"line":21,"column":36}},"5":{"start":{"line":25,"column":8},"end":{"line":25,"column":40}},"6":{"start":{"line":29,"column":20},"end":{"line":29,"column":21}},"7":{"start":{"line":30,"column":8},"end":{"line":32,"column":null}},"8":{"start":{"line":31,"column":12},"end":{"line":31,"column":52}},"9":{"start":{"line":33,"column":8},"end":{"line":33,"column":21}},"10":{"start":{"line":4,"column":0},"end":{"line":4,"column":21}}},"fnMap":{"0":{"name":"(anonymous_0)","decl":{"start":{"line":9,"column":4},"end":{"line":9,"column":16}},"loc":{"start":{"line":9,"column":75},"end":{"line":14,"column":5}}},"1":{"name":"(anonymous_1)","decl":{"start":{"line":16,"column":4},"end":{"line":16,"column":9}},"loc":{"start":{"line":16,"column":9},"end":{"line":18,"column":5}}},"2":{"name":"(anonymous_2)","decl":{"start":{"line":20,"column":4},"end":{"line":20,"column":16}},"loc":{"start":{"line":20,"column":16},"end":{"line":22,"column":5}}},"3":{"name":"(anonymous_3)","decl":{"start":{"line":24,"column":4},"end":{"line":24,"column":20}},"loc":{"start":{"line":24,"column":20},"end":{"line":26,"column":5}}},"4":{"name":"(anonymous_4)","decl":{"start":{"line":28,"column":4},"end":{"line":28,"column":13}},"loc":{"start":{"line":28,"column":13},"end":{"line":34,"column":5}}},"5":{"name":"(anonymous_5)","decl":{"start":{"line":30,"column":33},"end":{"line":30,"column":44}},"loc":{"start":{"line":30,"column":47},"end":{"line":32,"column":9}}}},"branchMap":{},"s":{"0":4,"1":4,"2":4,"3":2,"4":2,"5":2,"6":7,"7":7,"8":15,"9":7,"10":2},"f":{"0":4,"1":2,"2":2,"3":2,"4":7,"5":15},"b":{}}
,"/home/juliana/Workspace/OnlineStore/src/entities/order_detail.ts": {"path":"/home/juliana/Workspace/OnlineStore/src/entities/order_detail.ts","statementMap":{"0":{"start":{"line":8,"column":8},"end":{"line":8,"column":31}},"1":{"start":{"line":9,"column":8},"end":{"line":9,"column":33}},"2":{"start":{"line":13,"column":8},"end":{"line":13,"column":36}},"3":{"start":{"line":17,"column":8},"end":{"line":17,"column":38}},"4":{"start":{"line":21,"column":8},"end":{"line":21,"column":39}},"5":{"start":{"line":25,"column":8},"end":{"line":25,"column":55}},"6":{"start":{"line":3,"column":0},"end":{"line":3,"column":21}}},"fnMap":{"0":{"name":"(anonymous_0)","decl":{"start":{"line":7,"column":4},"end":{"line":7,"column":16}},"loc":{"start":{"line":7,"column":50},"end":{"line":10,"column":5}}},"1":{"name":"(anonymous_1)","decl":{"start":{"line":12,"column":4},"end":{"line":12,"column":16}},"loc":{"start":{"line":12,"column":16},"end":{"line":14,"column":5}}},"2":{"name":"(anonymous_2)","decl":{"start":{"line":16,"column":4},"end":{"line":16,"column":18}},"loc":{"start":{"line":16,"column":18},"end":{"line":18,"column":5}}},"3":{"name":"(anonymous_3)","decl":{"start":{"line":20,"column":4},"end":{"line":20,"column":23}},"loc":{"start":{"line":20,"column":23},"end":{"line":22,"column":5}}},"4":{"name":"(anonymous_4)","decl":{"start":{"line":24,"column":4},"end":{"line":24,"column":20}},"loc":{"start":{"line":24,"column":20},"end":{"line":26,"column":5}}}},"branchMap":{},"s":{"0":28,"1":28,"2":0,"3":1,"4":1,"5":16,"6":4},"f":{"0":28,"1":0,"2":1,"3":1,"4":16},"b":{}}
,"/home/juliana/Workspace/OnlineStore/src/entities/payment.ts": {"path":"/home/juliana/Workspace/OnlineStore/src/entities/payment.ts","statementMap":{"0":{"start":{"line":10,"column":8},"end":{"line":10,"column":39}},"1":{"start":{"line":11,"column":8},"end":{"line":11,"column":27}},"2":{"start":{"line":12,"column":8},"end":{"line":12,"column":null}},"3":{"start":{"line":16,"column":22},"end":{"line":16,"column":52}},"4":{"start":{"line":17,"column":20},"end":{"line":17,"column":79}},"5":{"start":{"line":18,"column":8},"end":{"line":18,"column":21}},"6":{"start":{"line":4,"column":0},"end":{"line":4,"column":21}}},"fnMap":{"0":{"name":"(anonymous_0)","decl":{"start":{"line":9,"column":4},"end":{"line":9,"column":16}},"loc":{"start":{"line":9,"column":65},"end":{"line":13,"column":5}}},"1":{"name":"(anonymous_1)","decl":{"start":{"line":15,"column":4},"end":{"line":15,"column":7}},"loc":{"start":{"line":15,"column":7},"end":{"line":19,"column":5}}}},"branchMap":{},"s":{"0":2,"1":2,"2":2,"3":2,"4":2,"5":2,"6":1},"f":{"0":2,"1":2},"b":{}}
,"/home/juliana/Workspace/OnlineStore/src/entities/product.ts": {"path":"/home/juliana/Workspace/OnlineStore/src/entities/product.ts","statementMap":{"0":{"start":{"line":21,"column":8},"end":{"line":21,"column":21}},"1":{"start":{"line":22,"column":8},"end":{"line":22,"column":25}},"2":{"start":{"line":23,"column":8},"end":{"line":23,"column":39}},"3":{"start":{"line":24,"column":8},"end":{"line":24,"column":27}},"4":{"start":{"line":25,"column":8},"end":{"line":25,"column":27}},"5":{"start":{"line":26,"column":8},"end":{"line":26,"column":29}},"6":{"start":{"line":27,"column":8},"end":{"line":27,"column":29}},"7":{"start":{"line":28,"column":8},"end":{"line":28,"column":29}},"8":{"start":{"line":32,"column":8},"end":{"line":32,"column":23}},"9":{"start":{"line":36,"column":8},"end":{"line":36,"column":25}},"10":{"start":{"line":40,"column":8},"end":{"line":40,"column":32}},"11":{"start":{"line":44,"column":8},"end":{"line":44,"column":26}},"12":{"start":{"line":48,"column":8},"end":{"line":48,"column":57}},"13":{"start":{"line":52,"column":8},"end":{"line":52,"column":59}},"14":{"start":{"line":56,"column":8},"end":{"line":56,"column":59}},"15":{"start":{"line":60,"column":8},"end":{"line":60,"column":59}},"16":{"start":{"line":1,"column":0},"end":{"line":1,"column":21}}},"fnMap":{"0":{"name":"(anonymous_0)","decl":{"start":{"line":11,"column":4},"end":{"line":11,"column":null}},"loc":{"start":{"line":19,"column":23},"end":{"line":29,"column":5}}},"1":{"name":"(anonymous_1)","decl":{"start":{"line":31,"column":4},"end":{"line":31,"column":9}},"loc":{"start":{"line":31,"column":9},"end":{"line":33,"column":5}}},"2":{"name":"(anonymous_2)","decl":{"start":{"line":35,"column":4},"end":{"line":35,"column":11}},"loc":{"start":{"line":35,"column":11},"end":{"line":37,"column":5}}},"3":{"name":"(anonymous_3)","decl":{"start":{"line":39,"column":4},"end":{"line":39,"column":18}},"loc":{"start":{"line":39,"column":18},"end":{"line":41,"column":5}}},"4":{"name":"(anonymous_4)","decl":{"start":{"line":43,"column":4},"end":{"line":43,"column":12}},"loc":{"start":{"line":43,"column":12},"end":{"line":45,"column":5}}},"5":{"name":"(anonymous_5)","decl":{"start":{"line":47,"column":4},"end":{"line":47,"column":12}},"loc":{"start":{"line":47,"column":12},"end":{"line":49,"column":5}}},"6":{"name":"(anonymous_6)","decl":{"start":{"line":51,"column":4},"end":{"line":51,"column":13}},"loc":{"start":{"line":51,"column":13},"end":{"line":53,"column":5}}},"7":{"name":"(anonymous_7)","decl":{"start":{"line":55,"column":4},"end":{"line":55,"column":13}},"loc":{"start":{"line":55,"column":13},"end":{"line":57,"column":5}}},"8":{"name":"(anonymous_8)","decl":{"start":{"line":59,"column":4},"end":{"line":59,"column":13}},"loc":{"start":{"line":59,"column":13},"end":{"line":61,"column":5}}}},"branchMap":{"0":{"loc":{"start":{"line":48,"column":15},"end":{"line":48,"column":56}},"type":"cond-expr","locations":[{"start":{"line":48,"column":42},"end":{"line":48,"column":43}},{"start":{"line":48,"column":46},"end":{"line":48,"column":56}}]},"1":{"loc":{"start":{"line":52,"column":15},"end":{"line":52,"column":58}},"type":"cond-expr","locations":[{"start":{"line":52,"column":43},"end":{"line":52,"column":44}},{"start":{"line":52,"column":47},"end":{"line":52,"column":58}}]},"2":{"loc":{"start":{"line":56,"column":15},"end":{"line":56,"column":58}},"type":"cond-expr","locations":[{"start":{"line":56,"column":43},"end":{"line":56,"column":44}},{"start":{"line":56,"column":47},"end":{"line":56,"column":58}}]},"3":{"loc":{"start":{"line":60,"column":15},"end":{"line":60,"column":58}},"type":"cond-expr","locations":[{"start":{"line":60,"column":43},"end":{"line":60,"column":44}},{"start":{"line":60,"column":47},"end":{"line":60,"column":58}}]}},"s":{"0":29,"1":29,"2":29,"3":29,"4":29,"5":29,"6":29,"7":29,"8":1,"9":2,"10":1,"11":18,"12":0,"13":0,"14":0,"15":0,"16":5},"f":{"0":29,"1":1,"2":2,"3":1,"4":18,"5":0,"6":0,"7":0,"8":0},"b":{"0":[0,0],"1":[0,0],"2":[0,0],"3":[0,0]}}
,"/home/juliana/Workspace/OnlineStore/src/entities/shipment.ts": {"path":"/home/juliana/Workspace/OnlineStore/src/entities/shipment.ts","statementMap":{"0":{"start":{"line":5,"column":8},"end":{"line":5,"column":18}},"1":{"start":{"line":1,"column":0},"end":{"line":1,"column":21}}},"fnMap":{"0":{"name":"(anonymous_0)","decl":{"start":{"line":2,"column":4},"end":{"line":2,"column":18}},"loc":{"start":{"line":2,"column":4},"end":{"line":2,"column":19}}},"1":{"name":"(anonymous_1)","decl":{"start":{"line":4,"column":4},"end":{"line":4,"column":13}},"loc":{"start":{"line":4,"column":13},"end":{"line":6,"column":5}}}},"branchMap":{},"s":{"0":1,"1":1},"f":{"0":1,"1":1},"b":{}}
}
