{"/home/juliana/Workspace/OnlineStore/src/client.ts": {"path":"/home/juliana/Workspace/OnlineStore/src/client.ts","statementMap":{"0":{"start":{"line":1,"column":0},"end":{"line":1,"column":44}},"1":{"start":{"line":11,"column":8},"end":{"line":11,"column":25}},"2":{"start":{"line":12,"column":8},"end":{"line":12,"column":27}},"3":{"start":{"line":13,"column":8},"end":{"line":13,"column":31}},"4":{"start":{"line":15,"column":8},"end":{"line":17,"column":null}},"5":{"start":{"line":16,"column":12},"end":{"line":16,"column":null}},"6":{"start":{"line":19,"column":8},"end":{"line":19,"column":23}},"7":{"start":{"line":23,"column":8},"end":{"line":23,"column":25}},"8":{"start":{"line":27,"column":8},"end":{"line":27,"column":24}},"9":{"start":{"line":31,"column":8},"end":{"line":31,"column":26}},"10":{"start":{"line":35,"column":8},"end":{"line":35,"column":28}},"11":{"start":{"line":3,"column":0},"end":{"line":3,"column":21}}},"fnMap":{"0":{"name":"(anonymous_0)","decl":{"start":{"line":9,"column":4},"end":{"line":9,"column":16}},"loc":{"start":{"line":9,"column":73},"end":{"line":20,"column":5}}},"1":{"name":"(anonymous_1)","decl":{"start":{"line":22,"column":4},"end":{"line":22,"column":11}},"loc":{"start":{"line":22,"column":11},"end":{"line":24,"column":5}}},"2":{"name":"(anonymous_2)","decl":{"start":{"line":26,"column":4},"end":{"line":26,"column":10}},"loc":{"start":{"line":26,"column":10},"end":{"line":28,"column":5}}},"3":{"name":"(anonymous_3)","decl":{"start":{"line":30,"column":4},"end":{"line":30,"column":12}},"loc":{"start":{"line":30,"column":12},"end":{"line":32,"column":5}}},"4":{"name":"(anonymous_4)","decl":{"start":{"line":34,"column":4},"end":{"line":34,"column":14}},"loc":{"start":{"line":34,"column":14},"end":{"line":36,"column":5}}}},"branchMap":{"0":{"loc":{"start":{"line":15,"column":8},"end":{"line":17,"column":null}},"type":"if","locations":[{"start":{"line":15,"column":8},"end":{"line":17,"column":null}}]}},"s":{"0":3,"1":6,"2":6,"3":6,"4":6,"5":1,"6":5,"7":1,"8":3,"9":1,"10":3,"11":3},"f":{"0":6,"1":1,"2":3,"3":1,"4":3},"b":{"0":[1]}}
,"/home/juliana/Workspace/OnlineStore/src/coupon.ts": {"path":"/home/juliana/Workspace/OnlineStore/src/coupon.ts","statementMap":{"0":{"start":{"line":8,"column":8},"end":{"line":8,"column":25}},"1":{"start":{"line":9,"column":8},"end":{"line":9,"column":31}},"2":{"start":{"line":10,"column":8},"end":{"line":10,"column":31}},"3":{"start":{"line":11,"column":8},"end":{"line":11,"column":33}},"4":{"start":{"line":15,"column":8},"end":{"line":15,"column":25}},"5":{"start":{"line":19,"column":8},"end":{"line":19,"column":28}},"6":{"start":{"line":23,"column":8},"end":{"line":23,"column":28}},"7":{"start":{"line":27,"column":8},"end":{"line":27,"column":29}},"8":{"start":{"line":1,"column":0},"end":{"line":1,"column":21}}},"fnMap":{"0":{"name":"(anonymous_0)","decl":{"start":{"line":7,"column":4},"end":{"line":7,"column":16}},"loc":{"start":{"line":7,"column":78},"end":{"line":12,"column":5}}},"1":{"name":"(anonymous_1)","decl":{"start":{"line":14,"column":4},"end":{"line":14,"column":11}},"loc":{"start":{"line":14,"column":11},"end":{"line":16,"column":5}}},"2":{"name":"(anonymous_2)","decl":{"start":{"line":18,"column":4},"end":{"line":18,"column":14}},"loc":{"start":{"line":18,"column":14},"end":{"line":20,"column":5}}},"3":{"name":"(anonymous_3)","decl":{"start":{"line":22,"column":4},"end":{"line":22,"column":14}},"loc":{"start":{"line":22,"column":14},"end":{"line":24,"column":5}}},"4":{"name":"(anonymous_4)","decl":{"start":{"line":26,"column":4},"end":{"line":26,"column":15}},"loc":{"start":{"line":26,"column":15},"end":{"line":28,"column":5}}}},"branchMap":{},"s":{"0":3,"1":3,"2":3,"3":3,"4":1,"5":1,"6":3,"7":1,"8":2},"f":{"0":3,"1":1,"2":1,"3":3,"4":1},"b":{}}
,"/home/juliana/Workspace/OnlineStore/src/cpf_validation.ts": {"path":"/home/juliana/Workspace/OnlineStore/src/cpf_validation.ts","statementMap":{"0":{"start":{"line":4,"column":1},"end":{"line":59,"column":21}},"1":{"start":{"line":5,"column":8},"end":{"line":56,"column":null}},"2":{"start":{"line":6,"column":12},"end":{"line":55,"column":31}},"3":{"start":{"line":8,"column":16},"end":{"line":12,"column":37}},"4":{"start":{"line":14,"column":16},"end":{"line":53,"column":null}},"5":{"start":{"line":14,"column":46},"end":{"line":14,"column":58}},"6":{"start":{"line":15,"column":20},"end":{"line":52,"column":null}},"7":{"start":{"line":20,"column":24},"end":{"line":20,"column":36}},"8":{"start":{"line":21,"column":24},"end":{"line":21,"column":45}},"9":{"start":{"line":23,"column":24},"end":{"line":33,"column":26}},"10":{"start":{"line":23,"column":42},"end":{"line":23,"column":43}},"11":{"start":{"line":28,"column":32},"end":{"line":28,"column":84}},"12":{"start":{"line":29,"column":32},"end":{"line":29,"column":67}},"13":{"start":{"line":31,"column":32},"end":{"line":31,"column":67}},"14":{"start":{"line":35,"column":24},"end":{"line":35,"column":41}},"15":{"start":{"line":37,"column":24},"end":{"line":37,"column":63}},"16":{"start":{"line":38,"column":24},"end":{"line":38,"column":38}},"17":{"start":{"line":39,"column":24},"end":{"line":39,"column":41}},"18":{"start":{"line":40,"column":24},"end":{"line":43,"column":44}},"19":{"start":{"line":41,"column":28},"end":{"line":41,"column":36}},"20":{"start":{"line":43,"column":28},"end":{"line":43,"column":44}},"21":{"start":{"line":45,"column":46},"end":{"line":45,"column":85}},"22":{"start":{"line":46,"column":24},"end":{"line":46,"column":57}},"23":{"start":{"line":47,"column":24},"end":{"line":47,"column":57}},"24":{"start":{"line":49,"column":24},"end":{"line":49,"column":50}},"25":{"start":{"line":51,"column":24},"end":{"line":51,"column":37}},"26":{"start":{"line":53,"column":23},"end":{"line":53,"column":null}},"27":{"start":{"line":55,"column":18},"end":{"line":55,"column":31}},"28":{"start":{"line":59,"column":8},"end":{"line":59,"column":21}},"29":{"start":{"line":2,"column":0},"end":{"line":2,"column":16}}},"fnMap":{"0":{"name":"validate","decl":{"start":{"line":2,"column":16},"end":{"line":2,"column":24}},"loc":{"start":{"line":2,"column":29},"end":{"line":61,"column":1}}},"1":{"name":"(anonymous_1)","decl":{"start":{"line":14,"column":41},"end":{"line":14,"column":42}},"loc":{"start":{"line":14,"column":46},"end":{"line":14,"column":58}}}},"branchMap":{"0":{"loc":{"start":{"line":4,"column":1},"end":{"line":59,"column":21}},"type":"if","locations":[{"start":{"line":4,"column":1},"end":{"line":59,"column":21}},{"start":{"line":59,"column":8},"end":{"line":59,"column":21}}]},"1":{"loc":{"start":{"line":5,"column":8},"end":{"line":56,"column":null}},"type":"if","locations":[{"start":{"line":5,"column":8},"end":{"line":56,"column":null}}]},"2":{"loc":{"start":{"line":6,"column":12},"end":{"line":55,"column":31}},"type":"if","locations":[{"start":{"line":6,"column":12},"end":{"line":55,"column":31}},{"start":{"line":55,"column":18},"end":{"line":55,"column":31}}]},"3":{"loc":{"start":{"line":6,"column":16},"end":{"line":6,"column":52}},"type":"binary-expr","locations":[{"start":{"line":6,"column":16},"end":{"line":6,"column":32}},{"start":{"line":6,"column":36},"end":{"line":6,"column":52}}]},"4":{"loc":{"start":{"line":14,"column":16},"end":{"line":53,"column":null}},"type":"if","locations":[{"start":{"line":14,"column":16},"end":{"line":53,"column":null}},{"start":{"line":53,"column":23},"end":{"line":53,"column":null}}]},"5":{"loc":{"start":{"line":37,"column":30},"end":{"line":37,"column":62}},"type":"cond-expr","locations":[{"start":{"line":37,"column":43},"end":{"line":37,"column":50}},{"start":{"line":37,"column":53},"end":{"line":37,"column":62}}]},"6":{"loc":{"start":{"line":40,"column":24},"end":{"line":43,"column":44}},"type":"if","locations":[{"start":{"line":40,"column":24},"end":{"line":43,"column":44}},{"start":{"line":43,"column":28},"end":{"line":43,"column":44}}]}},"s":{"0":6,"1":6,"2":6,"3":6,"4":6,"5":12,"6":6,"7":6,"8":6,"9":6,"10":6,"11":51,"12":51,"13":51,"14":6,"15":6,"16":6,"17":6,"18":6,"19":0,"20":6,"21":6,"22":6,"23":6,"24":0,"25":0,"26":0,"27":0,"28":0,"29":3},"f":{"0":6,"1":12},"b":{"0":[6,0],"1":[6],"2":[6,0],"3":[6,1],"4":[6,0],"5":[5,1],"6":[0,6]}}
,"/home/juliana/Workspace/OnlineStore/src/order.ts": {"path":"/home/juliana/Workspace/OnlineStore/src/order.ts","statementMap":{"0":{"start":{"line":11,"column":8},"end":{"line":11,"column":21}},"1":{"start":{"line":12,"column":8},"end":{"line":12,"column":29}},"2":{"start":{"line":13,"column":8},"end":{"line":13,"column":39}},"3":{"start":{"line":17,"column":8},"end":{"line":17,"column":23}},"4":{"start":{"line":21,"column":8},"end":{"line":21,"column":36}},"5":{"start":{"line":25,"column":8},"end":{"line":25,"column":40}},"6":{"start":{"line":29,"column":20},"end":{"line":29,"column":21}},"7":{"start":{"line":30,"column":8},"end":{"line":32,"column":null}},"8":{"start":{"line":31,"column":12},"end":{"line":31,"column":52}},"9":{"start":{"line":33,"column":8},"end":{"line":33,"column":21}},"10":{"start":{"line":4,"column":0},"end":{"line":4,"column":21}}},"fnMap":{"0":{"name":"(anonymous_0)","decl":{"start":{"line":9,"column":4},"end":{"line":9,"column":16}},"loc":{"start":{"line":9,"column":75},"end":{"line":14,"column":5}}},"1":{"name":"(anonymous_1)","decl":{"start":{"line":16,"column":4},"end":{"line":16,"column":9}},"loc":{"start":{"line":16,"column":9},"end":{"line":18,"column":5}}},"2":{"name":"(anonymous_2)","decl":{"start":{"line":20,"column":4},"end":{"line":20,"column":16}},"loc":{"start":{"line":20,"column":16},"end":{"line":22,"column":5}}},"3":{"name":"(anonymous_3)","decl":{"start":{"line":24,"column":4},"end":{"line":24,"column":20}},"loc":{"start":{"line":24,"column":20},"end":{"line":26,"column":5}}},"4":{"name":"(anonymous_4)","decl":{"start":{"line":28,"column":4},"end":{"line":28,"column":13}},"loc":{"start":{"line":28,"column":13},"end":{"line":34,"column":5}}},"5":{"name":"(anonymous_5)","decl":{"start":{"line":30,"column":33},"end":{"line":30,"column":44}},"loc":{"start":{"line":30,"column":47},"end":{"line":32,"column":9}}}},"branchMap":{},"s":{"0":4,"1":4,"2":4,"3":2,"4":2,"5":2,"6":7,"7":7,"8":15,"9":7,"10":2},"f":{"0":4,"1":2,"2":2,"3":2,"4":7,"5":15},"b":{}}
,"/home/juliana/Workspace/OnlineStore/src/order_detail.ts": {"path":"/home/juliana/Workspace/OnlineStore/src/order_detail.ts","statementMap":{"0":{"start":{"line":8,"column":8},"end":{"line":8,"column":31}},"1":{"start":{"line":9,"column":8},"end":{"line":9,"column":33}},"2":{"start":{"line":13,"column":8},"end":{"line":13,"column":38}},"3":{"start":{"line":17,"column":8},"end":{"line":17,"column":39}},"4":{"start":{"line":21,"column":8},"end":{"line":21,"column":55}},"5":{"start":{"line":3,"column":0},"end":{"line":3,"column":21}}},"fnMap":{"0":{"name":"(anonymous_0)","decl":{"start":{"line":7,"column":4},"end":{"line":7,"column":16}},"loc":{"start":{"line":7,"column":50},"end":{"line":10,"column":5}}},"1":{"name":"(anonymous_1)","decl":{"start":{"line":12,"column":4},"end":{"line":12,"column":18}},"loc":{"start":{"line":12,"column":18},"end":{"line":14,"column":5}}},"2":{"name":"(anonymous_2)","decl":{"start":{"line":16,"column":4},"end":{"line":16,"column":23}},"loc":{"start":{"line":16,"column":23},"end":{"line":18,"column":5}}},"3":{"name":"(anonymous_3)","decl":{"start":{"line":20,"column":4},"end":{"line":20,"column":20}},"loc":{"start":{"line":20,"column":20},"end":{"line":22,"column":5}}}},"branchMap":{},"s":{"0":9,"1":9,"2":1,"3":1,"4":16,"5":3},"f":{"0":9,"1":1,"2":1,"3":16},"b":{}}
,"/home/juliana/Workspace/OnlineStore/src/payment.ts": {"path":"/home/juliana/Workspace/OnlineStore/src/payment.ts","statementMap":{"0":{"start":{"line":10,"column":8},"end":{"line":10,"column":39}},"1":{"start":{"line":11,"column":8},"end":{"line":11,"column":27}},"2":{"start":{"line":12,"column":8},"end":{"line":12,"column":null}},"3":{"start":{"line":16,"column":22},"end":{"line":16,"column":52}},"4":{"start":{"line":17,"column":20},"end":{"line":17,"column":79}},"5":{"start":{"line":18,"column":8},"end":{"line":18,"column":22}},"6":{"start":{"line":4,"column":0},"end":{"line":4,"column":21}}},"fnMap":{"0":{"name":"(anonymous_0)","decl":{"start":{"line":9,"column":4},"end":{"line":9,"column":16}},"loc":{"start":{"line":9,"column":65},"end":{"line":13,"column":5}}},"1":{"name":"(anonymous_1)","decl":{"start":{"line":15,"column":4},"end":{"line":15,"column":7}},"loc":{"start":{"line":15,"column":7},"end":{"line":19,"column":5}}}},"branchMap":{},"s":{"0":2,"1":2,"2":2,"3":2,"4":2,"5":2,"6":1},"f":{"0":2,"1":2},"b":{}}
,"/home/juliana/Workspace/OnlineStore/src/product.ts": {"path":"/home/juliana/Workspace/OnlineStore/src/product.ts","statementMap":{"0":{"start":{"line":8,"column":8},"end":{"line":8,"column":21}},"1":{"start":{"line":9,"column":8},"end":{"line":9,"column":25}},"2":{"start":{"line":10,"column":8},"end":{"line":10,"column":39}},"3":{"start":{"line":11,"column":8},"end":{"line":11,"column":27}},"4":{"start":{"line":15,"column":8},"end":{"line":15,"column":23}},"5":{"start":{"line":19,"column":8},"end":{"line":19,"column":25}},"6":{"start":{"line":23,"column":8},"end":{"line":23,"column":32}},"7":{"start":{"line":27,"column":8},"end":{"line":27,"column":26}},"8":{"start":{"line":1,"column":0},"end":{"line":1,"column":21}}},"fnMap":{"0":{"name":"(anonymous_0)","decl":{"start":{"line":7,"column":4},"end":{"line":7,"column":16}},"loc":{"start":{"line":7,"column":76},"end":{"line":12,"column":5}}},"1":{"name":"(anonymous_1)","decl":{"start":{"line":14,"column":4},"end":{"line":14,"column":9}},"loc":{"start":{"line":14,"column":9},"end":{"line":16,"column":5}}},"2":{"name":"(anonymous_2)","decl":{"start":{"line":18,"column":4},"end":{"line":18,"column":11}},"loc":{"start":{"line":18,"column":11},"end":{"line":20,"column":5}}},"3":{"name":"(anonymous_3)","decl":{"start":{"line":22,"column":4},"end":{"line":22,"column":18}},"loc":{"start":{"line":22,"column":18},"end":{"line":24,"column":5}}},"4":{"name":"(anonymous_4)","decl":{"start":{"line":26,"column":4},"end":{"line":26,"column":12}},"loc":{"start":{"line":26,"column":12},"end":{"line":28,"column":5}}}},"branchMap":{},"s":{"0":10,"1":10,"2":10,"3":10,"4":1,"5":2,"6":1,"7":18,"8":4},"f":{"0":10,"1":1,"2":2,"3":1,"4":18},"b":{}}
,"/home/juliana/Workspace/OnlineStore/src/shipment.ts": {"path":"/home/juliana/Workspace/OnlineStore/src/shipment.ts","statementMap":{"0":{"start":{"line":5,"column":8},"end":{"line":5,"column":18}},"1":{"start":{"line":1,"column":0},"end":{"line":1,"column":21}}},"fnMap":{"0":{"name":"(anonymous_0)","decl":{"start":{"line":2,"column":4},"end":{"line":2,"column":18}},"loc":{"start":{"line":2,"column":4},"end":{"line":2,"column":19}}},"1":{"name":"(anonymous_1)","decl":{"start":{"line":4,"column":4},"end":{"line":4,"column":13}},"loc":{"start":{"line":4,"column":13},"end":{"line":6,"column":5}}}},"branchMap":{},"s":{"0":1,"1":1},"f":{"0":1,"1":1},"b":{}}
}
