TN:
SF:dist/src/cpf_validation.js
FN:4,isValidLength
FN:7,allDigitsTheSame
FN:8,(anonymous_2)
FN:10,removeNonDigits
FN:13,calculateDigit
FN:22,validate
FNF:6
FNH:6
FNDA:9,isValidLength
FNDA:7,allDigitsTheSame
FNDA:41,(anonymous_2)
FNDA:9,removeNonDigits
FNDA:8,calculateDigit
FNDA:9,validate
DA:2,1
DA:3,1
DA:5,9
DA:8,41
DA:11,9
DA:14,8
DA:15,8
DA:16,88
DA:17,76
DA:19,8
DA:20,8
DA:23,9
DA:24,9
DA:25,2
DA:26,7
DA:27,3
DA:28,4
DA:29,4
DA:30,4
DA:31,4
DA:32,4
DA:34,1
LF:22
LH:22
BRDA:16,0,0,76
BRDA:16,0,1,12
BRDA:20,1,0,4
BRDA:20,1,1,4
BRDA:24,2,0,2
BRDA:24,2,1,7
BRDA:26,3,0,3
BRDA:26,3,1,4
BRF:8
BRH:8
end_of_record
TN:
SF:dist/src/entities/client.js
FN:4,(anonymous_0)
FN:13,(anonymous_1)
FN:16,(anonymous_2)
FN:19,(anonymous_3)
FN:22,(anonymous_4)
FNF:5
FNH:5
FNDA:5,(anonymous_0)
FNDA:1,(anonymous_1)
FNDA:3,(anonymous_2)
FNDA:1,(anonymous_3)
FNDA:3,(anonymous_4)
DA:2,3
DA:5,5
DA:6,5
DA:7,5
DA:11,5
DA:14,1
DA:17,3
DA:20,1
DA:23,3
DA:26,3
LF:10
LH:10
BRF:0
BRH:0
end_of_record
TN:
SF:dist/src/entities/coupon.js
FN:4,(anonymous_0)
FN:10,(anonymous_1)
FN:13,(anonymous_2)
FN:16,(anonymous_3)
FN:19,(anonymous_4)
FNF:5
FNH:5
FNDA:3,(anonymous_0)
FNDA:1,(anonymous_1)
FNDA:1,(anonymous_2)
FNDA:3,(anonymous_3)
FNDA:1,(anonymous_4)
DA:2,2
DA:5,3
DA:6,3
DA:7,3
DA:8,3
DA:11,1
DA:14,1
DA:17,3
DA:20,1
DA:23,2
LF:10
LH:10
BRF:0
BRH:0
end_of_record
TN:
SF:dist/src/entities/order.js
FN:4,(anonymous_0)
FN:9,(anonymous_1)
FN:12,(anonymous_2)
FN:15,(anonymous_3)
FN:18,(anonymous_4)
FN:20,(anonymous_5)
FNF:6
FNH:6
FNDA:4,(anonymous_0)
FNDA:2,(anonymous_1)
FNDA:2,(anonymous_2)
FNDA:2,(anonymous_3)
FNDA:7,(anonymous_4)
FNDA:15,(anonymous_5)
DA:2,2
DA:5,4
DA:6,4
DA:7,4
DA:10,2
DA:13,2
DA:16,2
DA:19,7
DA:20,7
DA:21,15
DA:23,7
DA:26,2
LF:12
LH:12
BRF:0
BRH:0
end_of_record
TN:
SF:dist/src/entities/order_detail.js
FN:4,(anonymous_0)
FN:8,(anonymous_1)
FN:11,(anonymous_2)
FN:14,(anonymous_3)
FN:17,(anonymous_4)
FNF:5
FNH:4
FNDA:28,(anonymous_0)
FNDA:0,(anonymous_1)
FNDA:1,(anonymous_2)
FNDA:1,(anonymous_3)
FNDA:16,(anonymous_4)
DA:2,4
DA:5,28
DA:6,28
DA:9,0
DA:12,1
DA:15,1
DA:18,16
DA:21,4
LF:8
LH:7
BRF:0
BRH:0
end_of_record
TN:
SF:dist/src/entities/payment.js
FN:4,(anonymous_0)
FN:9,(anonymous_1)
FNF:2
FNH:2
FNDA:2,(anonymous_0)
FNDA:2,(anonymous_1)
DA:2,1
DA:5,2
DA:6,2
DA:7,2
DA:10,2
DA:11,2
DA:12,2
DA:15,1
LF:8
LH:8
BRF:0
BRH:0
end_of_record
TN:
SF:dist/src/entities/product.js
FN:4,(anonymous_0)
FN:14,(anonymous_1)
FN:17,(anonymous_2)
FN:20,(anonymous_3)
FN:23,(anonymous_4)
FN:26,(anonymous_5)
FN:29,(anonymous_6)
FN:32,(anonymous_7)
FN:35,(anonymous_8)
FNF:9
FNH:5
FNDA:29,(anonymous_0)
FNDA:1,(anonymous_1)
FNDA:2,(anonymous_2)
FNDA:1,(anonymous_3)
FNDA:18,(anonymous_4)
FNDA:0,(anonymous_5)
FNDA:0,(anonymous_6)
FNDA:0,(anonymous_7)
FNDA:0,(anonymous_8)
DA:2,5
DA:5,29
DA:6,29
DA:7,29
DA:8,29
DA:9,29
DA:10,29
DA:11,29
DA:12,29
DA:15,1
DA:18,2
DA:21,1
DA:24,18
DA:27,0
DA:30,0
DA:33,0
DA:36,0
DA:39,5
LF:18
LH:14
BRDA:27,0,0,0
BRDA:27,0,1,0
BRDA:30,1,0,0
BRDA:30,1,1,0
BRDA:33,2,0,0
BRDA:33,2,1,0
BRDA:36,3,0,0
BRDA:36,3,1,0
BRF:8
BRH:0
end_of_record
TN:
SF:dist/src/entities/shipment.js
FN:4,(anonymous_0)
FN:5,(anonymous_1)
FNF:2
FNH:2
FNDA:1,(anonymous_0)
FNDA:1,(anonymous_1)
DA:2,1
DA:6,1
DA:9,1
LF:3
LH:3
BRF:0
BRH:0
end_of_record
TN:
SF:src/cpf_validation.ts
FN:2,isValidLength
FN:6,allDigitsTheSame
FN:7,(anonymous_2)
FN:10,removeNonDigits
FN:14,calculateDigit
FN:24,validate
FNF:6
FNH:6
FNDA:9,isValidLength
FNDA:7,allDigitsTheSame
FNDA:41,(anonymous_2)
FNDA:9,removeNonDigits
FNDA:8,calculateDigit
FNDA:9,validate
DA:3,9
DA:7,41
DA:11,9
DA:15,8
DA:16,8
DA:17,88
DA:20,8
DA:21,8
DA:24,1
DA:25,9
DA:26,9
DA:27,7
DA:28,4
DA:29,4
DA:30,4
DA:31,4
DA:32,4
LF:17
LH:17
BRDA:17,0,0,76
BRDA:21,1,0,4
BRDA:21,1,1,4
BRDA:26,2,0,2
BRDA:27,3,0,3
BRF:5
BRH:5
end_of_record
TN:
SF:src/entities/client.ts
FN:9,(anonymous_0)
FN:22,(anonymous_1)
FN:26,(anonymous_2)
FN:30,(anonymous_3)
FN:34,(anonymous_4)
FNF:5
FNH:5
FNDA:5,(anonymous_0)
FNDA:1,(anonymous_1)
FNDA:3,(anonymous_2)
FNDA:1,(anonymous_3)
FNDA:3,(anonymous_4)
DA:3,3
DA:11,5
DA:12,5
DA:13,5
DA:19,5
DA:23,1
DA:27,3
DA:31,1
DA:35,3
LF:9
LH:9
BRF:0
BRH:0
end_of_record
TN:
SF:src/entities/coupon.ts
FN:7,(anonymous_0)
FN:14,(anonymous_1)
FN:18,(anonymous_2)
FN:22,(anonymous_3)
FN:26,(anonymous_4)
FNF:5
FNH:5
FNDA:3,(anonymous_0)
FNDA:1,(anonymous_1)
FNDA:1,(anonymous_2)
FNDA:3,(anonymous_3)
FNDA:1,(anonymous_4)
DA:1,2
DA:8,3
DA:9,3
DA:10,3
DA:11,3
DA:15,1
DA:19,1
DA:23,3
DA:27,1
LF:9
LH:9
BRF:0
BRH:0
end_of_record
TN:
SF:src/entities/order.ts
FN:9,(anonymous_0)
FN:16,(anonymous_1)
FN:20,(anonymous_2)
FN:24,(anonymous_3)
FN:28,(anonymous_4)
FN:30,(anonymous_5)
FNF:6
FNH:6
FNDA:4,(anonymous_0)
FNDA:2,(anonymous_1)
FNDA:2,(anonymous_2)
FNDA:2,(anonymous_3)
FNDA:7,(anonymous_4)
FNDA:15,(anonymous_5)
DA:4,2
DA:11,4
DA:12,4
DA:13,4
DA:17,2
DA:21,2
DA:25,2
DA:29,7
DA:30,7
DA:31,15
DA:33,7
LF:11
LH:11
BRF:0
BRH:0
end_of_record
TN:
SF:src/entities/order_detail.ts
FN:7,(anonymous_0)
FN:12,(anonymous_1)
FN:16,(anonymous_2)
FN:20,(anonymous_3)
FN:24,(anonymous_4)
FNF:5
FNH:4
FNDA:28,(anonymous_0)
FNDA:0,(anonymous_1)
FNDA:1,(anonymous_2)
FNDA:1,(anonymous_3)
FNDA:16,(anonymous_4)
DA:3,4
DA:8,28
DA:9,28
DA:13,0
DA:17,1
DA:21,1
DA:25,16
LF:7
LH:6
BRF:0
BRH:0
end_of_record
TN:
SF:src/entities/payment.ts
FN:9,(anonymous_0)
FN:15,(anonymous_1)
FNF:2
FNH:2
FNDA:2,(anonymous_0)
FNDA:2,(anonymous_1)
DA:4,1
DA:10,2
DA:11,2
DA:12,2
DA:16,2
DA:17,2
DA:18,2
LF:7
LH:7
BRF:0
BRH:0
end_of_record
TN:
SF:src/entities/product.ts
FN:11,(anonymous_0)
FN:31,(anonymous_1)
FN:35,(anonymous_2)
FN:39,(anonymous_3)
FN:43,(anonymous_4)
FN:47,(anonymous_5)
FN:51,(anonymous_6)
FN:55,(anonymous_7)
FN:59,(anonymous_8)
FNF:9
FNH:5
FNDA:29,(anonymous_0)
FNDA:1,(anonymous_1)
FNDA:2,(anonymous_2)
FNDA:1,(anonymous_3)
FNDA:18,(anonymous_4)
FNDA:0,(anonymous_5)
FNDA:0,(anonymous_6)
FNDA:0,(anonymous_7)
FNDA:0,(anonymous_8)
DA:1,5
DA:21,29
DA:22,29
DA:23,29
DA:24,29
DA:25,29
DA:26,29
DA:27,29
DA:28,29
DA:32,1
DA:36,2
DA:40,1
DA:44,18
DA:48,0
DA:52,0
DA:56,0
DA:60,0
LF:17
LH:13
BRDA:48,0,0,0
BRDA:48,0,1,0
BRDA:52,1,0,0
BRDA:52,1,1,0
BRDA:56,2,0,0
BRDA:56,2,1,0
BRDA:60,3,0,0
BRDA:60,3,1,0
BRF:8
BRH:0
end_of_record
TN:
SF:src/entities/shipment.ts
FN:2,(anonymous_0)
FN:4,(anonymous_1)
FNF:2
FNH:2
FNDA:1,(anonymous_0)
FNDA:1,(anonymous_1)
DA:1,1
DA:5,1
LF:2
LH:2
BRF:0
BRH:0
end_of_record
