TN:
SF:src/cpf_validation.ts
FN:2,isValidLength
FN:6,allDigitsTheSame
FN:7,(anonymous_2)
FN:10,removeNonDigits
FN:14,calculateDigit
FN:24,validate
FNF:6
FNH:6
FNDA:9,isValidLength
FNDA:7,allDigitsTheSame
FNDA:41,(anonymous_2)
FNDA:9,removeNonDigits
FNDA:8,calculateDigit
FNDA:9,validate
DA:3,9
DA:7,41
DA:11,9
DA:15,8
DA:16,8
DA:17,88
DA:20,8
DA:21,8
DA:24,1
DA:25,9
DA:26,9
DA:27,7
DA:28,4
DA:29,4
DA:30,4
DA:31,4
DA:32,4
LF:17
LH:17
BRDA:17,0,0,76
BRDA:21,1,0,4
BRDA:21,1,1,4
BRDA:26,2,0,2
BRDA:27,3,0,3
BRF:5
BRH:5
end_of_record
TN:
SF:src/entities/client.ts
FN:9,(anonymous_0)
FN:22,(anonymous_1)
FN:26,(anonymous_2)
FN:30,(anonymous_3)
FN:34,(anonymous_4)
FNF:5
FNH:5
FNDA:5,(anonymous_0)
FNDA:1,(anonymous_1)
FNDA:3,(anonymous_2)
FNDA:1,(anonymous_3)
FNDA:3,(anonymous_4)
DA:3,3
DA:11,5
DA:12,5
DA:13,5
DA:19,5
DA:23,1
DA:27,3
DA:31,1
DA:35,3
LF:9
LH:9
BRF:0
BRH:0
end_of_record
TN:
SF:src/entities/coupon.ts
FN:7,(anonymous_0)
FN:14,(anonymous_1)
FN:18,(anonymous_2)
FN:22,(anonymous_3)
FN:26,(anonymous_4)
FNF:5
FNH:5
FNDA:3,(anonymous_0)
FNDA:1,(anonymous_1)
FNDA:1,(anonymous_2)
FNDA:3,(anonymous_3)
FNDA:1,(anonymous_4)
DA:1,2
DA:8,3
DA:9,3
DA:10,3
DA:11,3
DA:15,1
DA:19,1
DA:23,3
DA:27,1
LF:9
LH:9
BRF:0
BRH:0
end_of_record
TN:
SF:src/entities/order.ts
FN:9,(anonymous_0)
FN:16,(anonymous_1)
FN:20,(anonymous_2)
FN:24,(anonymous_3)
FN:28,(anonymous_4)
FN:30,(anonymous_5)
FNF:6
FNH:6
FNDA:4,(anonymous_0)
FNDA:2,(anonymous_1)
FNDA:2,(anonymous_2)
FNDA:2,(anonymous_3)
FNDA:7,(anonymous_4)
FNDA:15,(anonymous_5)
DA:4,2
DA:11,4
DA:12,4
DA:13,4
DA:17,2
DA:21,2
DA:25,2
DA:29,7
DA:30,7
DA:31,15
DA:33,7
LF:11
LH:11
BRF:0
BRH:0
end_of_record
TN:
SF:src/entities/order_detail.ts
FN:7,(anonymous_0)
FN:12,(anonymous_1)
FN:16,(anonymous_2)
FN:20,(anonymous_3)
FNF:4
FNH:4
FNDA:9,(anonymous_0)
FNDA:1,(anonymous_1)
FNDA:1,(anonymous_2)
FNDA:16,(anonymous_3)
DA:3,3
DA:8,9
DA:9,9
DA:13,1
DA:17,1
DA:21,16
LF:6
LH:6
BRF:0
BRH:0
end_of_record
TN:
SF:src/entities/payment.ts
FN:9,(anonymous_0)
FN:15,(anonymous_1)
FNF:2
FNH:2
FNDA:2,(anonymous_0)
FNDA:2,(anonymous_1)
DA:4,1
DA:10,2
DA:11,2
DA:12,2
DA:16,2
DA:17,2
DA:18,2
LF:7
LH:7
BRF:0
BRH:0
end_of_record
TN:
SF:src/entities/product.ts
FN:7,(anonymous_0)
FN:14,(anonymous_1)
FN:18,(anonymous_2)
FN:22,(anonymous_3)
FN:26,(anonymous_4)
FNF:5
FNH:5
FNDA:10,(anonymous_0)
FNDA:1,(anonymous_1)
FNDA:2,(anonymous_2)
FNDA:1,(anonymous_3)
FNDA:18,(anonymous_4)
DA:1,4
DA:8,10
DA:9,10
DA:10,10
DA:11,10
DA:15,1
DA:19,2
DA:23,1
DA:27,18
LF:9
LH:9
BRF:0
BRH:0
end_of_record
TN:
SF:src/entities/shipment.ts
FN:2,(anonymous_0)
FN:4,(anonymous_1)
FNF:2
FNH:2
FNDA:1,(anonymous_0)
FNDA:1,(anonymous_1)
DA:1,1
DA:5,1
LF:2
LH:2
BRF:0
BRH:0
end_of_record
